c:\users\annab\documents\semester\u4fall2019\ecse 420\labs\ecse420_lab1\ecse420_lab1\x64\debug\vc142.pdb
c:\users\annab\documents\semester\u4fall2019\ecse 420\labs\ecse420_lab1\ecse420_lab1\x64\debug\vc142.idb
c:\users\annab\documents\semester\u4fall2019\ecse 420\labs\ecse420_lab1\ecse420_lab1\x64\debug\b_10.obj
x64\debug\kernel.cu.obj
x64\debug\lodepng.cu.obj
x64\debug\temp.cu.obj
c:\users\annab\documents\semester\u4fall2019\ecse 420\labs\ecse420_lab1\x64\debug\ecse420_lab1.lib
c:\users\annab\documents\semester\u4fall2019\ecse 420\labs\ecse420_lab1\x64\debug\ecse420_lab1.exp
c:\users\annab\documents\semester\u4fall2019\ecse 420\labs\ecse420_lab1\ecse420_lab1\x64\debug\kernel.cu.cache
c:\users\annab\documents\semester\u4fall2019\ecse 420\labs\ecse420_lab1\ecse420_lab1\x64\debug\lodepng.cu.cache
c:\users\annab\documents\semester\u4fall2019\ecse 420\labs\ecse420_lab1\ecse420_lab1\x64\debug\temp.cu.cache
c:\users\annab\documents\semester\u4fall2019\ecse 420\labs\ecse420_lab1\ecse420_lab1\x64\debug\kernel.cu.obj
c:\users\annab\documents\semester\u4fall2019\ecse 420\labs\ecse420_lab1\ecse420_lab1\x64\debug\lodepng.cu.obj
c:\users\annab\documents\semester\u4fall2019\ecse 420\labs\ecse420_lab1\ecse420_lab1\x64\debug\temp.cu.obj
c:\users\annab\documents\semester\u4fall2019\ecse 420\labs\ecse420_lab1\x64\debug\ecse420_lab1.pdb
c:\users\annab\documents\semester\u4fall2019\ecse 420\labs\ecse420_lab1\ecse420_lab1\x64\debug\ecse420_lab1.tlog\cl.command.1.tlog
c:\users\annab\documents\semester\u4fall2019\ecse 420\labs\ecse420_lab1\ecse420_lab1\x64\debug\ecse420_lab1.tlog\cl.read.1.tlog
c:\users\annab\documents\semester\u4fall2019\ecse 420\labs\ecse420_lab1\ecse420_lab1\x64\debug\ecse420_lab1.tlog\cl.write.1.tlog
c:\users\annab\documents\semester\u4fall2019\ecse 420\labs\ecse420_lab1\ecse420_lab1\x64\debug\ecse420_lab1.tlog\cudacompile.read.1u.tlog
c:\users\annab\documents\semester\u4fall2019\ecse 420\labs\ecse420_lab1\ecse420_lab1\x64\debug\ecse420_lab1.tlog\cudacompile.write.1u.tlog
c:\users\annab\documents\semester\u4fall2019\ecse 420\labs\ecse420_lab1\ecse420_lab1\x64\debug\ecse420_lab1.tlog\ecse420_lab1.write.1u.tlog
c:\users\annab\documents\semester\u4fall2019\ecse 420\labs\ecse420_lab1\ecse420_lab1\x64\debug\ecse420_lab1.tlog\link-cvtres.read.1.tlog
c:\users\annab\documents\semester\u4fall2019\ecse 420\labs\ecse420_lab1\ecse420_lab1\x64\debug\ecse420_lab1.tlog\link-cvtres.write.1.tlog
c:\users\annab\documents\semester\u4fall2019\ecse 420\labs\ecse420_lab1\ecse420_lab1\x64\debug\ecse420_lab1.tlog\link-rc.read.1.tlog
c:\users\annab\documents\semester\u4fall2019\ecse 420\labs\ecse420_lab1\ecse420_lab1\x64\debug\ecse420_lab1.tlog\link-rc.write.1.tlog
c:\users\annab\documents\semester\u4fall2019\ecse 420\labs\ecse420_lab1\ecse420_lab1\x64\debug\ecse420_lab1.tlog\link.16640-cvtres.read.1.tlog
c:\users\annab\documents\semester\u4fall2019\ecse 420\labs\ecse420_lab1\ecse420_lab1\x64\debug\ecse420_lab1.tlog\link.16640-cvtres.write.1.tlog
c:\users\annab\documents\semester\u4fall2019\ecse 420\labs\ecse420_lab1\ecse420_lab1\x64\debug\ecse420_lab1.tlog\link.16640-rc.read.1.tlog
c:\users\annab\documents\semester\u4fall2019\ecse 420\labs\ecse420_lab1\ecse420_lab1\x64\debug\ecse420_lab1.tlog\link.16640-rc.write.1.tlog
c:\users\annab\documents\semester\u4fall2019\ecse 420\labs\ecse420_lab1\ecse420_lab1\x64\debug\ecse420_lab1.tlog\link.16640.read.1.tlog
c:\users\annab\documents\semester\u4fall2019\ecse 420\labs\ecse420_lab1\ecse420_lab1\x64\debug\ecse420_lab1.tlog\link.16640.write.1.tlog
c:\users\annab\documents\semester\u4fall2019\ecse 420\labs\ecse420_lab1\ecse420_lab1\x64\debug\ecse420_lab1.tlog\link.command.1.tlog
c:\users\annab\documents\semester\u4fall2019\ecse 420\labs\ecse420_lab1\ecse420_lab1\x64\debug\ecse420_lab1.tlog\link.read.1.tlog
c:\users\annab\documents\semester\u4fall2019\ecse 420\labs\ecse420_lab1\ecse420_lab1\x64\debug\ecse420_lab1.tlog\link.write.1.tlog
